{"message":"Server started up successfully on 3001","level":"info"}
{"message":"Server started up successfully on 3001","level":"info"}
{"level":"error","message":"No _id found on document! No _id found on document!","stack":"MongooseError: No _id found on document!\n    at model._where [as $__where] (C:\\Users\\Joe\\Desktop\\WebApps\\SnappyBack\\node_modules\\mongoose\\lib\\model.js:895:12)\n    at model.$__remove (C:\\Users\\Joe\\Desktop\\WebApps\\SnappyBack\\node_modules\\mongoose\\lib\\model.js:997:22)\n    at C:\\Users\\Joe\\Desktop\\WebApps\\SnappyBack\\node_modules\\kareem\\index.js:370:33\n    at processTicksAndRejections (internal/process/task_queues.js:75:11)"}
{"message":"Server started up successfully on 3001","level":"info"}
{"message":"Server started up successfully on 3001","level":"info"}
{"message":"Server started up successfully on 3001","level":"info"}
{"level":"error","message":"Cannot read property 'deleteOne' of null Cannot read property 'deleteOne' of null","stack":"TypeError: Cannot read property 'deleteOne' of null\n    at C:\\Users\\Joe\\Desktop\\WebApps\\SnappyBack\\lib\\ResetPassword.js:107:15\n    at new Promise (<anonymous>)\n    at CleanUp (C:\\Users\\Joe\\Desktop\\WebApps\\SnappyBack\\lib\\ResetPassword.js:106:12)\n    at C:\\Users\\Joe\\Desktop\\WebApps\\SnappyBack\\controllers\\userController.js:58:11\n    at processTicksAndRejections (internal/process/task_queues.js:93:5)\n    at async C:\\Users\\Joe\\Desktop\\WebApps\\SnappyBack\\lib\\asyncWrapper.js:11:13"}
{"message":"Server started up successfully on 3001","level":"info"}
{"message":"Server started up successfully on 3001","level":"info"}
{"message":"Server started up successfully on 3001","level":"info"}
{"message":"Server started up successfully on 3001","level":"info"}
{"message":"Server started up successfully on 3001","level":"info"}
{"message":"Server started up successfully on 3001","level":"info"}
{"message":"Server started up successfully on 3001","level":"info"}
{"message":"Server started up successfully on 3001","level":"info"}
{"message":"Server started up successfully on 3001","level":"info"}
{"message":"Server started up successfully on 3001","level":"info"}
{"message":"Server started up successfully on 3001","level":"info"}
{"message":"Server started up successfully on 3001","level":"info"}
{"message":"Server started up successfully on 3001","level":"info"}
{"message":"Server started up successfully on 3001","level":"info"}
{"message":"Server started up successfully on 3001","level":"info"}
{"message":"Server started up successfully on 3001","level":"info"}
{"message":"Server started up successfully on 3001","level":"info"}
{"message":"Server started up successfully on 3001","level":"info"}
{"message":"Server started up successfully on 3001","level":"info"}
{"message":"Server started up successfully on 3001","level":"info"}
{"message":"Server started up successfully on 3001","level":"info"}
{"message":"Server started up successfully on 3001","level":"info"}
{"message":"Server started up successfully on 3001","level":"info"}
{"message":"Server started up successfully on 3001","level":"info"}
{"message":"Server started up successfully on 3001","level":"info"}
{"message":"Server started up successfully on 3001","level":"info"}
{"message":"Server started up successfully on 3001","level":"info"}
{"message":"Server started up successfully on 3001","level":"info"}
{"message":"Server started up successfully on 3001","level":"info"}
{"message":"Server started up successfully on 3001","level":"info"}
{"message":"Server started up successfully on 3001","level":"info"}
{"message":"Server started up successfully on 3001","level":"info"}
{"message":"Server started up successfully on 3001","level":"info"}
{"message":"Server started up successfully on 3001","level":"info"}
{"message":"Server started up successfully on 3001","level":"info"}
{"message":"Server started up successfully on 3001","level":"info"}
{"message":"Server started up successfully on 3001","level":"info"}
{"message":"Server started up successfully on 3001","level":"info"}
{"level":"error","message":"Cannot read property 'email' of null Cannot read property 'email' of null","stack":"TypeError: Cannot read property 'email' of null\n    at C:\\Users\\Joe\\Desktop\\WebApps\\SnappyBack\\controllers\\userController.js:107:18\n    at processTicksAndRejections (internal/process/task_queues.js:93:5)\n    at async C:\\Users\\Joe\\Desktop\\WebApps\\SnappyBack\\lib\\asyncWrapper.js:11:13"}
{"message":"Server started up successfully on 3001","level":"info"}
{"level":"error","message":"Cannot read property 'email' of null Cannot read property 'email' of null","stack":"TypeError: Cannot read property 'email' of null\n    at C:\\Users\\Joe\\Desktop\\WebApps\\SnappyBack\\controllers\\userController.js:108:18\n    at processTicksAndRejections (internal/process/task_queues.js:93:5)\n    at async C:\\Users\\Joe\\Desktop\\WebApps\\SnappyBack\\lib\\asyncWrapper.js:11:13"}
{"level":"error","message":"Cannot read property 'email' of null Cannot read property 'email' of null","stack":"TypeError: Cannot read property 'email' of null\n    at C:\\Users\\Joe\\Desktop\\WebApps\\SnappyBack\\controllers\\userController.js:108:18\n    at processTicksAndRejections (internal/process/task_queues.js:93:5)\n    at async C:\\Users\\Joe\\Desktop\\WebApps\\SnappyBack\\lib\\asyncWrapper.js:11:13"}
{"level":"error","message":"Cannot read property 'email' of null Cannot read property 'email' of null","stack":"TypeError: Cannot read property 'email' of null\n    at C:\\Users\\Joe\\Desktop\\WebApps\\SnappyBack\\controllers\\userController.js:108:18\n    at processTicksAndRejections (internal/process/task_queues.js:93:5)\n    at async C:\\Users\\Joe\\Desktop\\WebApps\\SnappyBack\\lib\\asyncWrapper.js:11:13"}
{"message":"Server started up successfully on 3001","level":"info"}
{"level":"error","message":"Cannot read property 'email' of null Cannot read property 'email' of null","stack":"TypeError: Cannot read property 'email' of null\n    at C:\\Users\\Joe\\Desktop\\WebApps\\SnappyBack\\controllers\\userController.js:108:18\n    at processTicksAndRejections (internal/process/task_queues.js:93:5)\n    at async C:\\Users\\Joe\\Desktop\\WebApps\\SnappyBack\\lib\\asyncWrapper.js:11:13"}
{"message":"Server started up successfully on 3001","level":"info"}
{"level":"error","message":"Cannot read property 'email' of null Cannot read property 'email' of null","stack":"TypeError: Cannot read property 'email' of null\n    at C:\\Users\\Joe\\Desktop\\WebApps\\SnappyBack\\controllers\\userController.js:108:18\n    at processTicksAndRejections (internal/process/task_queues.js:93:5)\n    at async C:\\Users\\Joe\\Desktop\\WebApps\\SnappyBack\\lib\\asyncWrapper.js:11:13"}
{"message":"Server started up successfully on 3001","level":"info"}
{"level":"error","message":"Cannot read property 'email' of null Cannot read property 'email' of null","stack":"TypeError: Cannot read property 'email' of null\n    at C:\\Users\\Joe\\Desktop\\WebApps\\SnappyBack\\controllers\\userController.js:108:18\n    at processTicksAndRejections (internal/process/task_queues.js:93:5)\n    at async C:\\Users\\Joe\\Desktop\\WebApps\\SnappyBack\\lib\\asyncWrapper.js:11:13"}
{"level":"error","message":"Cannot read property 'email' of null Cannot read property 'email' of null","stack":"TypeError: Cannot read property 'email' of null\n    at C:\\Users\\Joe\\Desktop\\WebApps\\SnappyBack\\controllers\\userController.js:108:18\n    at processTicksAndRejections (internal/process/task_queues.js:93:5)\n    at async C:\\Users\\Joe\\Desktop\\WebApps\\SnappyBack\\lib\\asyncWrapper.js:11:13"}
{"message":"Server started up successfully on 3001","level":"info"}
{"message":"Server started up successfully on 3001","level":"info"}
{"level":"error","message":"Cannot read property 'email' of null Cannot read property 'email' of null","stack":"TypeError: Cannot read property 'email' of null\n    at C:\\Users\\Joe\\Desktop\\WebApps\\SnappyBack\\controllers\\userController.js:108:18\n    at processTicksAndRejections (internal/process/task_queues.js:93:5)\n    at async C:\\Users\\Joe\\Desktop\\WebApps\\SnappyBack\\lib\\asyncWrapper.js:11:13"}
{"message":"Server started up successfully on 3001","level":"info"}
{"message":"Server started up successfully on 3001","level":"info"}
{"message":"Server started up successfully on 3001","level":"info"}
{"message":"Server started up successfully on 3001","level":"info"}
{"message":"Server started up successfully on 3001","level":"info"}
{"message":"Server started up successfully on 3001","level":"info"}
{"message":"Server started up successfully on 3001","level":"info"}
{"message":"Server started up successfully on 3001","level":"info"}
{"message":"Server started up successfully on 3001","level":"info"}
{"message":"Server started up successfully on 3001","level":"info"}
{"level":"error","message":"ApiError is not a function ApiError is not a function","stack":"TypeError: ApiError is not a function\n    at C:\\Users\\Joe\\Desktop\\WebApps\\SnappyBack\\index.js:53:8\n    at Layer.handle [as handle_request] (C:\\Users\\Joe\\Desktop\\WebApps\\SnappyBack\\node_modules\\express\\lib\\router\\layer.js:95:5)\n    at trim_prefix (C:\\Users\\Joe\\Desktop\\WebApps\\SnappyBack\\node_modules\\express\\lib\\router\\index.js:317:13)\n    at C:\\Users\\Joe\\Desktop\\WebApps\\SnappyBack\\node_modules\\express\\lib\\router\\index.js:284:7\n    at param (C:\\Users\\Joe\\Desktop\\WebApps\\SnappyBack\\node_modules\\express\\lib\\router\\index.js:354:14)\n    at param (C:\\Users\\Joe\\Desktop\\WebApps\\SnappyBack\\node_modules\\express\\lib\\router\\index.js:365:14)\n    at Function.process_params (C:\\Users\\Joe\\Desktop\\WebApps\\SnappyBack\\node_modules\\express\\lib\\router\\index.js:410:3)\n    at next (C:\\Users\\Joe\\Desktop\\WebApps\\SnappyBack\\node_modules\\express\\lib\\router\\index.js:275:10)\n    at C:\\Users\\Joe\\Desktop\\WebApps\\SnappyBack\\node_modules\\express\\lib\\router\\index.js:635:15\n    at next (C:\\Users\\Joe\\Desktop\\WebApps\\SnappyBack\\node_modules\\express\\lib\\router\\index.js:260:14)\n    at Function.handle (C:\\Users\\Joe\\Desktop\\WebApps\\SnappyBack\\node_modules\\express\\lib\\router\\index.js:174:3)\n    at router (C:\\Users\\Joe\\Desktop\\WebApps\\SnappyBack\\node_modules\\express\\lib\\router\\index.js:47:12)\n    at Layer.handle [as handle_request] (C:\\Users\\Joe\\Desktop\\WebApps\\SnappyBack\\node_modules\\express\\lib\\router\\layer.js:95:5)\n    at trim_prefix (C:\\Users\\Joe\\Desktop\\WebApps\\SnappyBack\\node_modules\\express\\lib\\router\\index.js:317:13)\n    at C:\\Users\\Joe\\Desktop\\WebApps\\SnappyBack\\node_modules\\express\\lib\\router\\index.js:284:7\n    at Function.process_params (C:\\Users\\Joe\\Desktop\\WebApps\\SnappyBack\\node_modules\\express\\lib\\router\\index.js:335:12)"}
{"message":"Server started up successfully on 3001","level":"info"}
{"message":"Server started up successfully on 3001","level":"info"}
